[2023-01-04 15:24:39][INFO ] [GetAllSteps:30] El usuario quiere consultar el listado de libros
[2023-01-04 15:24:46][INFO ] [GetAllSteps:44] El usuario hace la petición de obtener el listado de libros completo
[2023-01-04 15:24:47][INFO ] [GetAllSteps:61] el usuario obtiene el listado de libros completo
[2023-01-04 15:27:09][INFO ] [GetAllSteps:30] El usuario quiere consultar el listado de libros
[2023-01-04 15:27:17][INFO ] [GetAllSteps:44] El usuario hace la petición de obtener el listado de libros completo
[2023-01-04 15:27:17][INFO ] [GetAllSteps:61] el usuario obtiene el listado de libros completo
[2023-01-04 15:28:46][INFO ] [GetAllSteps:30] El usuario quiere consultar el listado de libros
[2023-01-04 15:28:52][INFO ] [GetAllSteps:44] El usuario hace la petición de obtener el listado de libros completo
[2023-01-04 15:28:53][INFO ] [GetAllSteps:61] el usuario obtiene el listado de libros completo
[2023-01-04 15:28:53][INFO ] [GetAllSteps:78] El codigo de respuesta es OK(200)
[2023-01-04 15:30:41][INFO ] [GetAllSteps:30] El usuario quiere consultar el listado de libros
[2023-01-04 15:30:46][INFO ] [GetAllSteps:44] El usuario hace la petición de obtener el listado de libros completo
[2023-01-04 15:30:47][INFO ] [GetAllSteps:61] el usuario obtiene el listado de libros completo
[2023-01-04 15:30:47][INFO ] [GetAllSteps:78] El codigo de respuesta es OK(200)
[2023-01-04 16:34:00][INFO ] [UpdateForbiddenSteps:30] El usuario no se encuentra registrado
[2023-01-04 16:34:06][INFO ] [UpdateForbiddenSteps:47] El usuario hace la petición de actualizacion de un registro
[2023-01-04 16:34:06][INFO ] [UpdateForbiddenSteps:64] El código de respuesta es FORBIDDEN(403)
[2023-01-04 18:06:45][INFO ] [GetAllSteps:30] El usuario quiere consultar la informacion de un libro por su id
[2023-01-04 18:06:51][INFO ] [GetAllSteps:46] El usuario hace la peticion de obtener el libro con id: /booking/927
[2023-01-04 18:06:51][INFO ] [GetAllSteps:83] El usuario obtiene la informacion requerida y el codigo de respuesta esperado
[2023-01-04 18:07:44][INFO ] [GetAllSteps:31] El usuario quiere consultar la informacion de un libro por su id
[2023-01-04 18:07:49][INFO ] [GetAllSteps:47] El usuario hace la peticion de obtener el libro con id: /booking/927
[2023-01-04 18:07:49][INFO ] [GetAllSteps:85] El usuario obtiene la informacion requerida y el codigo de respuesta esperado
